To check this version write down following command rxdi-deploy --find QmaQWJb1fYGsjiQHAKN4RLNP5znTLdoxtEmnPkvtKmE9E7
1538531266808,Bundling Started!

✨  [32m[1mBuilt in 330ms.[22m[39m

[2mbuilds/build/[22m[36m[1mindex.js[22m[39m                     [1m[35m2.74 KB[39m[22m    [32m[1m282ms[22m[39m
├── [2mbuilds/services/[22m[0mexample.service.ts[0m    [2m[35m1.59 KB[39m[22m    [2m[32m149ms[39m[22m
├── [2mbuilds/[22m[0mindex.ts[0m                         [2m[35m831 B[39m[22m    [2m[32m128ms[39m[22m
└── [2mbuilds/services/[22m[0mindex.ts[0m                [2m[35m286 B[39m[22m    [2m[32m119ms[39m[22m

[2mbuilds/build/[22m[36m[1mindex.map[22m[39m                    [1m[35m2.02 KB[39m[22m      [32m[1m2ms[22m[39m
1538531268143,Bundling finished!

1538531268143,Adding commit message fafafa...

1538531268151,Cloudflare: https://cloudflare-ipfs.com/ipfs/QmTRCngMysPb46L3pG5ZERkXinVh3jTsCNMXNHYzZpvf4Z
1538531268151,Commit message added...

1538531268155,Reading bundle ./builds/build/index.js finished!

1538531268164,Cloudflare: https://cloudflare-ipfs.com/ipfs/QmVUoWjTQ5pvgnQvHukPgooLjiKDnf2rS4uYq1heSB4dfA
1538531268164,Bundle added to ipfs ./builds/build/index.js

1538531268164,Typescript definitions merge started!

1538531268164,Typescript merging definitions started in child process...

1538531271908,Child process exited with code 0

1538531271908,Typescript definitions merge finished! Reading file...

1538531271911,Typescript definitions read finished! Adding to IPFS...

1538531271916,Cloudflare: https://cloudflare-ipfs.com/ipfs/QmcfjFEPdvuy8wiUZr7YX8PRF5qkHo4oMwBYqPybfPtisX
1538531271916,Typescript definitions added to IPFS! Adding module configuration...

1538531271926,Reactive file present reactive.json package dependencies will be taken from it
1538531271929,Current module before deploy {"name":"fafa","module":"QmVUoWjTQ5pvgnQvHukPgooLjiKDnf2rS4uYq1heSB4dfA","createdAt":"2018-10-03T01:47:51.926Z","typings":"QmcfjFEPdvuy8wiUZr7YX8PRF5qkHo4oMwBYqPybfPtisX","message":"QmTRCngMysPb46L3pG5ZERkXinVh3jTsCNMXNHYzZpvf4Z","previous":["QmWgPQebWkeFBKVNTgssEZB3uB5YkMMwF4296rnzUzq6ti","QmStsa3eeUfCaZXccvYtraGAMDKidZvBnusJ2eyTiPGWit","QmP2FF3ATx7hcErRRMRWrbnbc8j9BVmfrthJJ6x8aqAz7q","QmRqvgdUxPnLXyW29GvF44tMo58dN5zr1zxeQvdN2JswpK","QmTfhYF2AE4JfTzBsuxckzEtm3a4xhGbMeN3CfX42suq4K","QmduLjPXVAwb4JJqkohZMBe2X7zA4WAAkYZQgSyAmSJrz8","Qmbm62h5hHDgaV4HgjVFBeMbDqe6nsdYLqKfxJFGhKF4GW","QmVdd3oLGDMXpERkBZ4d1n9Lh2ndvxRw8YptcbVxFMw6E3","QmTs3PrzWzhphnmRya5xxWX7o6gg6J5zPkHLJXShEYqNDf","QmSzaX6VNAwJj4QKzuibWG3Acgepu3tdsrDhVAmnpHBjuT","Qmcuofrnmu4rPGNFmQQEkgPxD73gaxzKuf9b3okXQhxCeX","QmZCkzmyDTCdze5pxJM98iyHKao27zq6kFrmrMiv6ogSKz","QmVdd83ykr4fNYNfsrSSh9ZzPszyghHLSR6aNF1HiKNAPv","Qme9n5FtDhPivRpsoyZ8LKMNPRDcp9jkJ7vGbeU3vhRK3E","QmQRDJjRXrzrb1Vhjb8zS6hrHq4WMivS8fxrgA7MxbkZX9","QmfK2C3NVmc9LuTGmQwvyGqTPjqVc9kLCR8fBAdJ81Rfk6","QmYHfANhLPVzU5jn1iFKEa7W5iGzLXgzQ1AQ2HB4VceQxu","QmQrdixQEprAMv4c2PJjQSPczz8f7WdLSxKCKRi4PDr5an","QmaQWJb1fYGsjiQHAKN4RLNP5znTLdoxtEmnPkvtKmE9E7","QmWkKuzSkJiLBToxUJHVi4hxuME2JijNaUA2WtVi5xmkGS"],"dependencies":["QmP9n7m1UWkFn2hqt7mnfQYnBtxmFyyvKZHN7hgngQb1gM"]}
1538531272148,Cloudflare: https://cloudflare-ipfs.com/ipfs/QmNiwjqHaFjiriDxmwNHvXq3Xw6FTxsNP4rWZPZXHQ6SVv
QmVUoWjTQ5pvgnQvHukPgooLjiKDnf2rS4uYq1heSB4dfA,QmVUoWjTQ5pvgnQvHukPgooLjiKDnf2rS4uYq1heSB4dfA
1538531272151,
        !! Warning !!
        Module is with the same integrity and will not be uploaded again!
        You need to make change to the module so it will be with different integrity!
            
1538531272152,
        !! Warning !!
        Typings are with the same integrity and will not be uploaded again!
        You need to make change to the module so it will be with different integrity!
            
1538531272152,Module configuration added to ipfs!

1538531272161,Module saved to persistant history!
┌───────────────────────────────────────────────────────────────────────────────────────┬────────────────────────────────────────────────────────────────────────────────────────┐
│[40m                                    [32mPreviews versions[39m                                  [49m│[40m                                         [32mGateway[39m                                        [49m│
├───────────────────────────────────────────────────────────────────────────────────────┼────────────────────────────────────────────────────────────────────────────────────────┤
│ QmStsa3eeUfCaZXccvYtraGAMDKidZvBnusJ2eyTiPGWit                                        │     https://cloudflare-ipfs.com/ipfs/QmStsa3eeUfCaZXccvYtraGAMDKidZvBnusJ2eyTiPGWit    │
├───────────────────────────────────────────────────────────────────────────────────────┼────────────────────────────────────────────────────────────────────────────────────────┤
│ QmP2FF3ATx7hcErRRMRWrbnbc8j9BVmfrthJJ6x8aqAz7q                                        │     https://cloudflare-ipfs.com/ipfs/QmP2FF3ATx7hcErRRMRWrbnbc8j9BVmfrthJJ6x8aqAz7q    │
├───────────────────────────────────────────────────────────────────────────────────────┼────────────────────────────────────────────────────────────────────────────────────────┤
│ QmRqvgdUxPnLXyW29GvF44tMo58dN5zr1zxeQvdN2JswpK                                        │     https://cloudflare-ipfs.com/ipfs/QmRqvgdUxPnLXyW29GvF44tMo58dN5zr1zxeQvdN2JswpK    │
├───────────────────────────────────────────────────────────────────────────────────────┼────────────────────────────────────────────────────────────────────────────────────────┤
│ QmTfhYF2AE4JfTzBsuxckzEtm3a4xhGbMeN3CfX42suq4K                                        │     https://cloudflare-ipfs.com/ipfs/QmTfhYF2AE4JfTzBsuxckzEtm3a4xhGbMeN3CfX42suq4K    │
├───────────────────────────────────────────────────────────────────────────────────────┼────────────────────────────────────────────────────────────────────────────────────────┤
│ QmduLjPXVAwb4JJqkohZMBe2X7zA4WAAkYZQgSyAmSJrz8                                        │     https://cloudflare-ipfs.com/ipfs/QmduLjPXVAwb4JJqkohZMBe2X7zA4WAAkYZQgSyAmSJrz8    │
├───────────────────────────────────────────────────────────────────────────────────────┼────────────────────────────────────────────────────────────────────────────────────────┤
│ Qmbm62h5hHDgaV4HgjVFBeMbDqe6nsdYLqKfxJFGhKF4GW                                        │     https://cloudflare-ipfs.com/ipfs/Qmbm62h5hHDgaV4HgjVFBeMbDqe6nsdYLqKfxJFGhKF4GW    │
├───────────────────────────────────────────────────────────────────────────────────────┼────────────────────────────────────────────────────────────────────────────────────────┤
│ QmVdd3oLGDMXpERkBZ4d1n9Lh2ndvxRw8YptcbVxFMw6E3                                        │     https://cloudflare-ipfs.com/ipfs/QmVdd3oLGDMXpERkBZ4d1n9Lh2ndvxRw8YptcbVxFMw6E3    │
├───────────────────────────────────────────────────────────────────────────────────────┼────────────────────────────────────────────────────────────────────────────────────────┤
│ QmTs3PrzWzhphnmRya5xxWX7o6gg6J5zPkHLJXShEYqNDf                                        │     https://cloudflare-ipfs.com/ipfs/QmTs3PrzWzhphnmRya5xxWX7o6gg6J5zPkHLJXShEYqNDf    │
├───────────────────────────────────────────────────────────────────────────────────────┼────────────────────────────────────────────────────────────────────────────────────────┤
│ QmSzaX6VNAwJj4QKzuibWG3Acgepu3tdsrDhVAmnpHBjuT                                        │     https://cloudflare-ipfs.com/ipfs/QmSzaX6VNAwJj4QKzuibWG3Acgepu3tdsrDhVAmnpHBjuT    │
├───────────────────────────────────────────────────────────────────────────────────────┼────────────────────────────────────────────────────────────────────────────────────────┤
│ Qmcuofrnmu4rPGNFmQQEkgPxD73gaxzKuf9b3okXQhxCeX                                        │     https://cloudflare-ipfs.com/ipfs/Qmcuofrnmu4rPGNFmQQEkgPxD73gaxzKuf9b3okXQhxCeX    │
├───────────────────────────────────────────────────────────────────────────────────────┼────────────────────────────────────────────────────────────────────────────────────────┤
│ QmZCkzmyDTCdze5pxJM98iyHKao27zq6kFrmrMiv6ogSKz                                        │     https://cloudflare-ipfs.com/ipfs/QmZCkzmyDTCdze5pxJM98iyHKao27zq6kFrmrMiv6ogSKz    │
├───────────────────────────────────────────────────────────────────────────────────────┼────────────────────────────────────────────────────────────────────────────────────────┤
│ QmVdd83ykr4fNYNfsrSSh9ZzPszyghHLSR6aNF1HiKNAPv                                        │     https://cloudflare-ipfs.com/ipfs/QmVdd83ykr4fNYNfsrSSh9ZzPszyghHLSR6aNF1HiKNAPv    │
├───────────────────────────────────────────────────────────────────────────────────────┼────────────────────────────────────────────────────────────────────────────────────────┤
│ Qme9n5FtDhPivRpsoyZ8LKMNPRDcp9jkJ7vGbeU3vhRK3E                                        │     https://cloudflare-ipfs.com/ipfs/Qme9n5FtDhPivRpsoyZ8LKMNPRDcp9jkJ7vGbeU3vhRK3E    │
├───────────────────────────────────────────────────────────────────────────────────────┼────────────────────────────────────────────────────────────────────────────────────────┤
│ QmQRDJjRXrzrb1Vhjb8zS6hrHq4WMivS8fxrgA7MxbkZX9                                        │     https://cloudflare-ipfs.com/ipfs/QmQRDJjRXrzrb1Vhjb8zS6hrHq4WMivS8fxrgA7MxbkZX9    │
├───────────────────────────────────────────────────────────────────────────────────────┼────────────────────────────────────────────────────────────────────────────────────────┤
│ QmfK2C3NVmc9LuTGmQwvyGqTPjqVc9kLCR8fBAdJ81Rfk6                                        │     https://cloudflare-ipfs.com/ipfs/QmfK2C3NVmc9LuTGmQwvyGqTPjqVc9kLCR8fBAdJ81Rfk6    │
├───────────────────────────────────────────────────────────────────────────────────────┼────────────────────────────────────────────────────────────────────────────────────────┤
│ QmYHfANhLPVzU5jn1iFKEa7W5iGzLXgzQ1AQ2HB4VceQxu                                        │     https://cloudflare-ipfs.com/ipfs/QmYHfANhLPVzU5jn1iFKEa7W5iGzLXgzQ1AQ2HB4VceQxu    │
├───────────────────────────────────────────────────────────────────────────────────────┼────────────────────────────────────────────────────────────────────────────────────────┤
│ QmQrdixQEprAMv4c2PJjQSPczz8f7WdLSxKCKRi4PDr5an                                        │     https://cloudflare-ipfs.com/ipfs/QmQrdixQEprAMv4c2PJjQSPczz8f7WdLSxKCKRi4PDr5an    │
├───────────────────────────────────────────────────────────────────────────────────────┼────────────────────────────────────────────────────────────────────────────────────────┤
│ QmaQWJb1fYGsjiQHAKN4RLNP5znTLdoxtEmnPkvtKmE9E7                                        │     https://cloudflare-ipfs.com/ipfs/QmaQWJb1fYGsjiQHAKN4RLNP5znTLdoxtEmnPkvtKmE9E7    │
├───────────────────────────────────────────────────────────────────────────────────────┼────────────────────────────────────────────────────────────────────────────────────────┤
│ QmWkKuzSkJiLBToxUJHVi4hxuME2JijNaUA2WtVi5xmkGS                                        │     https://cloudflare-ipfs.com/ipfs/QmWkKuzSkJiLBToxUJHVi4hxuME2JijNaUA2WtVi5xmkGS    │
├───────────────────────────────────────────────────────────────────────────────────────┼────────────────────────────────────────────────────────────────────────────────────────┤
│ QmNiwjqHaFjiriDxmwNHvXq3Xw6FTxsNP4rWZPZXHQ6SVv                                        │     https://cloudflare-ipfs.com/ipfs/QmNiwjqHaFjiriDxmwNHvXq3Xw6FTxsNP4rWZPZXHQ6SVv    │
└───────────────────────────────────────────────────────────────────────────────────────┴────────────────────────────────────────────────────────────────────────────────────────┘
┌───────────────────────────────────────────────────────────────────────────────────────┬────────────────────────────────────────────────────────────────────────────────────────┐
│[40m                                    [32mPreviews version[39m                                   [49m│[40m                                       [32mNext version[39m                                     [49m│
├───────────────────────────────────────────────────────────────────────────────────────┼────────────────────────────────────────────────────────────────────────────────────────┤
│ QmStsa3eeUfCaZXccvYtraGAMDKidZvBnusJ2eyTiPGWit                                        │     QmP2FF3ATx7hcErRRMRWrbnbc8j9BVmfrthJJ6x8aqAz7q                                     │
├───────────────────────────────────────────────────────────────────────────────────────┼────────────────────────────────────────────────────────────────────────────────────────┤
│ QmRqvgdUxPnLXyW29GvF44tMo58dN5zr1zxeQvdN2JswpK                                        │     QmTfhYF2AE4JfTzBsuxckzEtm3a4xhGbMeN3CfX42suq4K                                     │
├───────────────────────────────────────────────────────────────────────────────────────┼────────────────────────────────────────────────────────────────────────────────────────┤
│ QmduLjPXVAwb4JJqkohZMBe2X7zA4WAAkYZQgSyAmSJrz8                                        │     Qmbm62h5hHDgaV4HgjVFBeMbDqe6nsdYLqKfxJFGhKF4GW                                     │
├───────────────────────────────────────────────────────────────────────────────────────┼────────────────────────────────────────────────────────────────────────────────────────┤
│ QmVdd3oLGDMXpERkBZ4d1n9Lh2ndvxRw8YptcbVxFMw6E3                                        │     QmTs3PrzWzhphnmRya5xxWX7o6gg6J5zPkHLJXShEYqNDf                                     │
├───────────────────────────────────────────────────────────────────────────────────────┼────────────────────────────────────────────────────────────────────────────────────────┤
│ QmSzaX6VNAwJj4QKzuibWG3Acgepu3tdsrDhVAmnpHBjuT                                        │     Qmcuofrnmu4rPGNFmQQEkgPxD73gaxzKuf9b3okXQhxCeX                                     │
├───────────────────────────────────────────────────────────────────────────────────────┼────────────────────────────────────────────────────────────────────────────────────────┤
│ QmZCkzmyDTCdze5pxJM98iyHKao27zq6kFrmrMiv6ogSKz                                        │     QmVdd83ykr4fNYNfsrSSh9ZzPszyghHLSR6aNF1HiKNAPv                                     │
├───────────────────────────────────────────────────────────────────────────────────────┼────────────────────────────────────────────────────────────────────────────────────────┤
│ Qme9n5FtDhPivRpsoyZ8LKMNPRDcp9jkJ7vGbeU3vhRK3E                                        │     QmQRDJjRXrzrb1Vhjb8zS6hrHq4WMivS8fxrgA7MxbkZX9                                     │
├───────────────────────────────────────────────────────────────────────────────────────┼────────────────────────────────────────────────────────────────────────────────────────┤
│ QmfK2C3NVmc9LuTGmQwvyGqTPjqVc9kLCR8fBAdJ81Rfk6                                        │     QmYHfANhLPVzU5jn1iFKEa7W5iGzLXgzQ1AQ2HB4VceQxu                                     │
├───────────────────────────────────────────────────────────────────────────────────────┼────────────────────────────────────────────────────────────────────────────────────────┤
│ QmQrdixQEprAMv4c2PJjQSPczz8f7WdLSxKCKRi4PDr5an                                        │     QmaQWJb1fYGsjiQHAKN4RLNP5znTLdoxtEmnPkvtKmE9E7                                     │
├───────────────────────────────────────────────────────────────────────────────────────┼────────────────────────────────────────────────────────────────────────────────────────┤
│ QmWkKuzSkJiLBToxUJHVi4hxuME2JijNaUA2WtVi5xmkGS                                        │     QmNiwjqHaFjiriDxmwNHvXq3Xw6FTxsNP4rWZPZXHQ6SVv                                     │
└───────────────────────────────────────────────────────────────────────────────────────┴────────────────────────────────────────────────────────────────────────────────────────┘
┌─────────────────────────────────────────────────────────────────────────────────────────┐
│[40m                                      [32mInstall command[39m                                    [49m│
├─────────────────────────────────────────────────────────────────────────────────────────┤
│ rxdi i QmNiwjqHaFjiriDxmwNHvXq3Xw6FTxsNP4rWZPZXHQ6SVv                                   │
└─────────────────────────────────────────────────────────────────────────────────────────┘
┌────┬───────┬─────────┬─────────────┬─────────────────────────────────────────────────────────────────────┬─────────────────────────────────────────────────────────────────┐
│[40m    [49m│[40m [33mStatus[39m[49m│[40m[32mFile Type[39m[49m│[40m [32mSize[39m        [49m│[40m [32mGateway[39m                                                             [49m│[40m [31mErrors[39m                                                          [49m│
├────┼───────┼─────────┼─────────────┼─────────────────────────────────────────────────────────────────────┼─────────────────────────────────────────────────────────────────┤
│[40m [33m⚠[39m  [49m│[40m[33mWARNING[39m[49m│ Bundle  │ 2813 bytes  │https://cloudflare-ipfs.com/ipfs/QmVUoWjTQ5pvgnQvHukPgooLjiKDnf2rS4uY│ [31mIntegrity is same like in the previews version![39m                 │
├────┼───────┼─────────┼─────────────┼─────────────────────────────────────────────────────────────────────┼─────────────────────────────────────────────────────────────────┤
│[40m [33m⚠[39m  [49m│[40m[33mWARNING[39m[49m│ Typings │ 400 bytes   │https://cloudflare-ipfs.com/ipfs/QmcfjFEPdvuy8wiUZr7YX8PRF5qkHo4oMwBY│ [31mIntegrity is same like in the previews version![39m                 │
├────┼───────┼─────────┼─────────────┼─────────────────────────────────────────────────────────────────────┼─────────────────────────────────────────────────────────────────┤
│[40m [33m⚠[39m  [49m│[40m[33mWARNING[39m[49m│ Module  │ 1440 bytes  │https://cloudflare-ipfs.com/ipfs/QmNiwjqHaFjiriDxmwNHvXq3Xw6FTxsNP4rW│ [31mIntegrity is same like in the previews version![39m                 │
└────┴───────┴─────────┴─────────────┴─────────────────────────────────────────────────────────────────────┴─────────────────────────────────────────────────────────────────┘
Module is with the same integrity like in the previws version QmWkKuzSkJiLBToxUJHVi4hxuME2JijNaUA2WtVi5xmkGS
To check this version write down following command rxdi-deploy --find QmWkKuzSkJiLBToxUJHVi4hxuME2JijNaUA2WtVi5xmkGS
1538531406154,Unhandled error rejection
32m[1mBuilt in 330ms.[22m[39m

[2mbuilds/build/[22m[36m[1mindex.js[22m[39m                     [1m[35m2.74 KB[39m[22m    [32m[1m282ms[22m[39m
├── [2mbuilds/services/[22m[0mexample.service.ts[0m    [2m[35m1.59 KB[39m[22m    [2m[32m149ms[39m[22m
├── [2mbuilds/[22m[0mindex.ts[0m                         [2m[35m831 B[39m[22m    [2m[32m128ms[39m[22m
└── [2mbuilds/services/[22m[0mindex.ts[0m                [2m[35m286 B[39m[22m    [2m[32m119ms[39m[22m

[2mbuilds/build/[22m[36m[1mindex.map[22m[39m                    [1m[35m2.02 KB[39m[22m      [32m[1m2ms[22m[39m
1538531268143,Bundling finished!

1538531268143,Adding commit message fafafa...

1538531268151,Cloudflare: https://cloudflare-ipfs.com/ipfs/QmTRCngMysPb46L3pG5ZERkXinVh3jTsCNMXNHYzZpvf4Z
1538531268151,Commit message added...

1538531268155,Reading bundle ./builds/build/index.js finished!

1538531268164,Cloudflare: https://cloudflare-ipfs.com/ipfs/QmVUoWjTQ5pvgnQvHukPgooLjiKDnf2rS4uYq1heSB4dfA
1538531268164,Bundle added to ipfs ./builds/build/index.js

1538531268164,Typescript definitions merge started!

1538531268164,Typescript merging definitions started in child process...

1538531271908,Child process exited with code 0

1538531271908,Typescript definitions merge finished! Reading file...

1538531271911,Typescript definitions read finished! Adding to IPFS...

1538531271916,Cloudflare: https://cloudflare-ipfs.com/ipfs/QmcfjFEPdvuy8wiUZr7YX8PRF5qkHo4oMwBYqPybfPtisX
1538531271916,Typescript definitions added to IPFS! Adding module configuration...

1538531271926,Reactive file present reactive.json package dependencies will be taken from it
1538531271929,Current module before deploy {"name":"fafa","module":"QmVUoWjTQ5pvgnQvHukPgooLjiKDnf2rS4uYq1heSB4dfA","createdAt":"2018-10-03T01:47:51.926Z","typings":"QmcfjFEPdvuy8wiUZr7YX8PRF5qkHo4oMwBYqPybfPtisX","message":"QmTRCngMysPb46L3pG5ZERkXinVh3jTsCNMXNHYzZpvf4Z","previous":["QmWgPQebWkeFBKVNTgssEZB3uB5YkMMwF4296rnzUzq6ti","QmStsa3eeUfCaZXccvYtraGAMDKidZvBnusJ2eyTiPGWit","QmP2FF3ATx7hcErRRMRWrbnbc8j9BVmfrthJJ6x8aqAz7q","QmRqvgdUxPnLXyW29GvF44tMo58dN5zr1zxeQvdN2JswpK","QmTfhYF2AE4JfTzBsuxckzEtm3a4xhGbMeN3CfX42suq4K","QmduLjPXVAwb4JJqkohZMBe2X7zA4WAAkYZQgSyAmSJrz8","Qmbm62h5hHDgaV4HgjVFBeMbDqe6nsdYLqKfxJFGhKF4GW","QmVdd3oLGDMXpERkBZ4d1n9Lh2ndvxRw8YptcbVxFMw6E3","QmTs3PrzWzhphnmRya5xxWX7o6gg6J5zPkHLJXShEYqNDf","QmSzaX6VNAwJj4QKzuibWG3Acgepu3tdsrDhVAmnpHBjuT","Qmcuofrnmu4rPGNFmQQEkgPxD73gaxzKuf9b3okXQhxCeX","QmZCkzmyDTCdze5pxJM98iyHKao27zq6kFrmrMiv6ogSKz","QmVdd83ykr4fNYNfsrSSh9ZzPszyghHLSR6aNF1HiKNAPv","Qme9n5FtDhPivRpsoyZ8LKMNPRDcp9jkJ7vGbeU3vhRK3E","QmQRDJjRXrzrb1Vhjb8zS6hrHq4WMivS8fxrgA7MxbkZX9","QmfK2C3NVmc9LuTGmQwvyGqTPjqVc9kLCR8fBAdJ81Rfk6","QmYHfANhLPVzU5jn1iFKEa7W5iGzLXgzQ1AQ2HB4VceQxu","QmQrdixQEprAMv4c2PJjQSPczz8f7WdLSxKCKRi4PDr5an","QmaQWJb1fYGsjiQHAKN4RLNP5znTLdoxtEmnPkvtKmE9E7","QmWkKuzSkJiLBToxUJHVi4hxuME2JijNaUA2WtVi5xmkGS"],"dependencies":["QmP9n7m1UWkFn2hqt7mnfQYnBtxmFyyvKZHN7hgngQb1gM"]}
1538531272148,Cloudflare: https://cloudflare-ipfs.com/ipfs/QmNiwjqHaFjiriDxmwNHvXq3Xw6FTxsNP4rWZPZXHQ6SVv
QmVUoWjTQ5pvgnQvHukPgooLjiKDnf2rS4uYq1heSB4dfA,QmVUoWjTQ5pvgnQvHukPgooLjiKDnf2rS4uYq1heSB4dfA
1538531272151,
        !! Warning !!
        Module is with the same integrity and will not be uploaded again!
        You need to make change to the module so it will be with different integrity!
            
1538531272152,
        !! Warning !!
        Typings are with the same integrity and will not be uploaded again!
        You need to make change to the module so it will be with different integrity!
            
1538531272152,Module configuration added to ipfs!

1538531272161,Module saved to persistant history!
┌───────────────────────────────────────────────────────────────────────────────────────┬────────────────────────────────────────────────────────────────────────────────────────┐
│[40m                                    [32mPreviews versions[39m                                  [49m│[40m                                         [32mGateway[39m                                        [49m│
├───────────────────────────────────────────────────────────────────────────────────────┼────────────────────────────────────────────────────────────────────────────────────────┤
│ QmStsa3eeUfCaZXccvYtraGAMDKidZvBnusJ2eyTiPGWit                                        │     https://cloudflare-ipfs.com/ipfs/QmStsa3eeUfCaZXccvYtraGAMDKidZvBnusJ2eyTiPGWit    │
├───────────────────────────────────────────────────────────────────────────────────────┼────────────────────────────────────────────────────────────────────────────────────────┤
│ QmP2FF3ATx7hcErRRMRWrbnbc8j9BVmfrthJJ6x8aqAz7q                                        │     https://cloudflare-ipfs.com/ipfs/QmP2FF3ATx7hcErRRMRWrbnbc8j9BVmfrthJJ6x8aqAz7q    │
├───────────────────────────────────────────────────────────────────────────────────────┼────────────────────────────────────────────────────────────────────────────────────────┤
│ QmRqvgdUxPnLXyW29GvF44tMo58dN5zr1zxeQvdN2JswpK                                        │     https://cloudflare-ipfs.com/ipfs/QmRqvgdUxPnLXyW29GvF44tMo58dN5zr1zxeQvdN2JswpK    │
├───────────────────────────────────────────────────────────────────────────────────────┼────────────────────────────────────────────────────────────────────────────────────────┤
│ QmTfhYF2AE4JfTzBsuxckzEtm3a4xhGbMeN3CfX42suq4K                                        │     https://cloudflare-ipfs.com/ipfs/QmTfhYF2AE4JfTzBsuxckzEtm3a4xhGbMeN3CfX42suq4K    │
├───────────────────────────────────────────────────────────────────────────────────────┼────────────────────────────────────────────────────────────────────────────────────────┤
│ QmduLjPXVAwb4JJqkohZMBe2X7zA4WAAkYZQgSyAmSJrz8                                        │     https://cloudflare-ipfs.com/ipfs/QmduLjPXVAwb4JJqkohZMBe2X7zA4WAAkYZQgSyAmSJrz8    │
├───────────────────────────────────────────────────────────────────────────────────────┼────────────────────────────────────────────────────────────────────────────────────────┤
│ Qmbm62h5hHDgaV4HgjVFBeMbDqe6nsdYLqKfxJFGhKF4GW                                        │     https://cloudflare-ipfs.com/ipfs/Qmbm62h5hHDgaV4HgjVFBeMbDqe6nsdYLqKfxJFGhKF4GW    │
├───────────────────────────────────────────────────────────────────────────────────────┼────────────────────────────────────────────────────────────────────────────────────────┤
│ QmVdd3oLGDMXpERkBZ4d1n9Lh2ndvxRw8YptcbVxFMw6E3                                        │     https://cloudflare-ipfs.com/ipfs/QmVdd3oLGDMXpERkBZ4d1n9Lh2ndvxRw8YptcbVxFMw6E3    │
├───────────────────────────────────────────────────────────────────────────────────────┼────────────────────────────────────────────────────────────────────────────────────────┤
│ QmTs3PrzWzhphnmRya5xxWX7o6gg6J5zPkHLJXShEYqNDf                                        │     https://cloudflare-ipfs.com/ipfs/QmTs3PrzWzhphnmRya5xxWX7o6gg6J5zPkHLJXShEYqNDf    │
├───────────────────────────────────────────────────────────────────────────────────────┼────────────────────────────────────────────────────────────────────────────────────────┤
│ QmSzaX6VNAwJj4QKzuibWG3Acgepu3tdsrDhVAmnpHBjuT                                        │     https://cloudflare-ipfs.com/ipfs/QmSzaX6VNAwJj4QKzuibWG3Acgepu3tdsrDhVAmnpHBjuT    │
├───────────────────────────────────────────────────────────────────────────────────────┼────────────────────────────────────────────────────────────────────────────────────────┤
│ Qmcuofrnmu4rPGNFmQQEkgPxD73gaxzKuf9b3okXQhxCeX                                        │     https://cloudflare-ipfs.com/ipfs/Qmcuofrnmu4rPGNFmQQEkgPxD73gaxzKuf9b3okXQhxCeX    │
├───────────────────────────────────────────────────────────────────────────────────────┼────────────────────────────────────────────────────────────────────────────────────────┤
│ QmZCkzmyDTCdze5pxJM98iyHKao27zq6kFrmrMiv6ogSKz                                        │     https://cloudflare-ipfs.com/ipfs/QmZCkzmyDTCdze5pxJM98iyHKao27zq6kFrmrMiv6ogSKz    │
├───────────────────────────────────────────────────────────────────────────────────────┼────────────────────────────────────────────────────────────────────────────────────────┤
│ QmVdd83ykr4fNYNfsrSSh9ZzPszyghHLSR6aNF1HiKNAPv                                        │     https://cloudflare-ipfs.com/ipfs/QmVdd83ykr4fNYNfsrSSh9ZzPszyghHLSR6aNF1HiKNAPv    │
├───────────────────────────────────────────────────────────────────────────────────────┼────────────────────────────────────────────────────────────────────────────────────────┤
│ Qme9n5FtDhPivRpsoyZ8LKMNPRDcp9jkJ7vGbeU3vhRK3E                                        │     https://cloudflare-ipfs.com/ipfs/Qme9n5FtDhPivRpsoyZ8LKMNPRDcp9jkJ7vGbeU3vhRK3E    │
├───────────────────────────────────────────────────────────────────────────────────────┼────────────────────────────────────────────────────────────────────────────────────────┤
│ QmQRDJjRXrzrb1Vhjb8zS6hrHq4WMivS8fxrgA7MxbkZX9                                        │     https://cloudflare-ipfs.com/ipfs/QmQRDJjRXrzrb1Vhjb8zS6hrHq4WMivS8fxrgA7MxbkZX9    │
├───────────────────────────────────────────────────────────────────────────────────────┼────────────────────────────────────────────────────────────────────────────────────────┤
│ QmfK2C3NVmc9LuTGmQwvyGqTPjqVc9kLCR8fBAdJ81Rfk6                                        │     https://cloudflare-ipfs.com/ipfs/QmfK2C3NVmc9LuTGmQwvyGqTPjqVc9kLCR8fBAdJ81Rfk6    │
├───────────────────────────────────────────────────────────────────────────────────────┼────────────────────────────────────────────────────────────────────────────────────────┤
│ QmYHfANhLPVzU5jn1iFKEa7W5iGzLXgzQ1AQ2HB4VceQxu                                        │     https://cloudflare-ipfs.com/ipfs/QmYHfANhLPVzU5jn1iFKEa7W5iGzLXgzQ1AQ2HB4VceQxu    │
├───────────────────────────────────────────────────────────────────────────────────────┼────────────────────────────────────────────────────────────────────────────────────────┤
│ QmQrdixQEprAMv4c2PJjQSPczz8f7WdLSxKCKRi4PDr5an                                        │     https://cloudflare-ipfs.com/ipfs/QmQrdixQEprAMv4c2PJjQSPczz8f7WdLSxKCKRi4PDr5an    │
├───────────────────────────────────────────────────────────────────────────────────────┼────────────────────────────────────────────────────────────────────────────────────────┤
│ QmaQWJb1fYGsjiQHAKN4RLNP5znTLdoxtEmnPkvtKmE9E7                                        │     https://cloudflare-ipfs.com/ipfs/QmaQWJb1fYGsjiQHAKN4RLNP5znTLdoxtEmnPkvtKmE9E7    │
├───────────────────────────────────────────────────────────────────────────────────────┼────────────────────────────────────────────────────────────────────────────────────────┤
│ QmWkKuzSkJiLBToxUJHVi4hxuME2JijNaUA2WtVi5xmkGS                                        │     https://cloudflare-ipfs.com/ipfs/QmWkKuzSkJiLBToxUJHVi4hxuME2JijNaUA2WtVi5xmkGS    │
├───────────────────────────────────────────────────────────────────────────────────────┼────────────────────────────────────────────────────────────────────────────────────────┤
│ QmNiwjqHaFjiriDxmwNHvXq3Xw6FTxsNP4rWZPZXHQ6SVv                                        │     https://cloudflare-ipfs.com/ipfs/QmNiwjqHaFjiriDxmwNHvXq3Xw6FTxsNP4rWZPZXHQ6SVv    │
└───────────────────────────────────────────────────────────────────────────────────────┴────────────────────────────────────────────────────────────────────────────────────────┘
┌───────────────────────────────────────────────────────────────────────────────────────┬────────────────────────────────────────────────────────────────────────────────────────┐
│[40m                                    [32mPreviews version[39m                                   [49m│[40m                                       [32mNext version[39m                                     [49m│
├───────────────────────────────────────────────────────────────────────────────────────┼────────────────────────────────────────────────────────────────────────────────────────┤
│ QmStsa3eeUfCaZXccvYtraGAMDKidZvBnusJ2eyTiPGWit                                        │     QmP2FF3ATx7hcErRRMRWrbnbc8j9BVmfrthJJ6x8aqAz7q                                     │
├───────────────────────────────────────────────────────────────────────────────────────┼────────────────────────────────────────────────────────────────────────────────────────┤
│ QmRqvgdUxPnLXyW29GvF44tMo58dN5zr1zxeQvdN2JswpK                                        │     QmTfhYF2AE4JfTzBsuxckzEtm3a4xhGbMeN3CfX42suq4K                                     │
├───────────────────────────────────────────────────────────────────────────────────────┼────────────────────────────────────────────────────────────────────────────────────────┤
│ QmduLjPXVAwb4JJqkohZMBe2X7zA4WAAkYZQgSyAmSJrz8                                        │     Qmbm62h5hHDgaV4HgjVFBeMbDqe6nsdYLqKfxJFGhKF4GW                                     │
├───────────────────────────────────────────────────────────────────────────────────────┼────────────────────────────────────────────────────────────────────────────────────────┤
│ QmVdd3oLGDMXpERkBZ4d1n9Lh2ndvxRw8YptcbVxFMw6E3                                        │     QmTs3PrzWzhphnmRya5xxWX7o6gg6J5zPkHLJXShEYqNDf                                     │
├───────────────────────────────────────────────────────────────────────────────────────┼────────────────────────────────────────────────────────────────────────────────────────┤
│ QmSzaX6VNAwJj4QKzuibWG3Acgepu3tdsrDhVAmnpHBjuT                                        │     Qmcuofrnmu4rPGNFmQQEkgPxD73gaxzKuf9b3okXQhxCeX                                     │
├───────────────────────────────────────────────────────────────────────────────────────┼────────────────────────────────────────────────────────────────────────────────────────┤
│ QmZCkzmyDTCdze5pxJM98iyHKao27zq6kFrmrMiv6ogSKz                                        │     QmVdd83ykr4fNYNfsrSSh9ZzPszyghHLSR6aNF1HiKNAPv                                     │
├───────────────────────────────────────────────────────────────────────────────────────┼────────────────────────────────────────────────────────────────────────────────────────┤
│ Qme9n5FtDhPivRpsoyZ8LKMNPRDcp9jkJ7vGbeU3vhRK3E                                        │     QmQRDJjRXrzrb1Vhjb8zS6hrHq4WMivS8fxrgA7MxbkZX9                                     │
├───────────────────────────────────────────────────────────────────────────────────────┼────────────────────────────────────────────────────────────────────────────────────────┤
│ QmfK2C3NVmc9LuTGmQwvyGqTPjqVc9kLCR8fBAdJ81Rfk6                                        │     QmYHfANhLPVzU5jn1iFKEa7W5iGzLXgzQ1AQ2HB4VceQxu                                     │
├───────────────────────────────────────────────────────────────────────────────────────┼────────────────────────────────────────────────────────────────────────────────────────┤
│ QmQrdixQEprAMv4c2PJjQSPczz8f7WdLSxKCKRi4PDr5an                                        │     QmaQWJb1fYGsjiQHAKN4RLNP5znTLdoxtEmnPkvtKmE9E7                                     │
├───────────────────────────────────────────────────────────────────────────────────────┼────────────────────────────────────────────────────────────────────────────────────────┤
│ QmWkKuzSkJiLBToxUJHVi4hxuME2JijNaUA2WtVi5xmkGS                                        │     QmNiwjqHaFjiriDxmwNHvXq3Xw6FTxsNP4rWZPZXHQ6SVv                                     │
└───────────────────────────────────────────────────────────────────────────────────────┴────────────────────────────────────────────────────────────────────────────────────────┘
┌─────────────────────────────────────────────────────────────────────────────────────────┐
│[40m                                      [32mInstall command[39m                                    [49m│
├─────────────────────────────────────────────────────────────────────────────────────────┤
│ rxdi i QmNiwjqHaFjiriDxmwNHvXq3Xw6FTxsNP4rWZPZXHQ6SVv                                   │
└─────────────────────────────────────────────────────────────────────────────────────────┘
┌────┬───────┬─────────┬─────────────┬─────────────────────────────────────────────────────────────────────┬─────────────────────────────────────────────────────────────────┐
│[40m    [49m│[40m [33mStatus[39m[49m│[40m[32mFile Type[39m[49m│[40m [32mSize[39m        [49m│[40m [32mGateway[39m                                                             [49m│[40m [31mErrors[39m                                                          [49m│
├────┼───────┼─────────┼─────────────┼─────────────────────────────────────────────────────────────────────┼─────────────────────────────────────────────────────────────────┤
│[40m [33m⚠[39m  [49m│[40m[33mWARNING[39m[49m│ Bundle  │ 2813 bytes  │https://cloudflare-ipfs.com/ipfs/QmVUoWjTQ5pvgnQvHukPgooLjiKDnf2rS4uY│ [31mIntegrity is same like in the previews version![39m                 │
├────┼───────┼─────────┼─────────────┼─────────────────────────────────────────────────────────────────────┼─────────────────────────────────────────────────────────────────┤
│[40m [33m⚠[39m  [49m│[40m[33mWARNING[39m[49m│ Typings │ 400 bytes   │https://cloudflare-ipfs.com/ipfs/QmcfjFEPdvuy8wiUZr7YX8PRF5qkHo4oMwBY│ [31mIntegrity is same like in the previews version![39m                 │
├────┼───────┼─────────┼─────────────┼─────────────────────────────────────────────────────────────────────┼─────────────────────────────────────────────────────────────────┤
│[40m [33m⚠[39m  [49m│[40m[33mWARNING[39m[49m│ Module  │ 1440 bytes  │https://cloudflare-ipfs.com/ipfs/QmNiwjqHaFjiriDxmwNHvXq3Xw6FTxsNP4rW│ [31mIntegrity is same like in the previews version![39m                 │
└────┴───────┴─────────┴─────────────┴─────────────────────────────────────────────────────────────────────┴─────────────────────────────────────────────────────────────────┘
Module is with the same integrity like in the previws version QmWkKuzSkJiLBToxUJHVi4hxuME2JijNaUA2WtVi5xmkGS
To check this version write down following command rxdi-deploy --find QmWkKuzSkJiLBToxUJHVi4hxuME2JijNaUA2WtVi5xmkGS
1538531406154,Unhandled error rejection
66808,Bundling Started!

✨  [32m[1mBuilt in 330ms.[22m[39m

[2mbuilds/build/[22m[36m[1mindex.js[22m[39m                     [1m[35m2.74 KB[39m[22m    [32m[1m282ms[22m[39m
├── [2mbuilds/services/[22m[0mexample.service.ts[0m    [2m[35m1.59 KB[39m[22m    [2m[32m149ms[39m[22m
├── [2mbuilds/[22m[0mindex.ts[0m                         [2m[35m831 B[39m[22m    [2m[32m128ms[39m[22m
└── [2mbuilds/services/[22m[0mindex.ts[0m                [2m[35m286 B[39m[22m    [2m[32m119ms[39m[22m

[2mbuilds/build/[22m[36m[1mindex.map[22m[39m                    [1m[35m2.02 KB[39m[22m      [32m[1m2ms[22m[39m
1538531268143,Bundling finished!

1538531268143,Adding commit message fafafa...

1538531268151,Cloudflare: https://cloudflare-ipfs.com/ipfs/QmTRCngMysPb46L3pG5ZERkXinVh3jTsCNMXNHYzZpvf4Z
1538531268151,Commit message added...

1538531268155,Reading bundle ./builds/build/index.js finished!

1538531268164,Cloudflare: https://cloudflare-ipfs.com/ipfs/QmVUoWjTQ5pvgnQvHukPgooLjiKDnf2rS4uYq1heSB4dfA
1538531268164,Bundle added to ipfs ./builds/build/index.js

1538531268164,Typescript definitions merge started!

1538531268164,Typescript merging definitions started in child process...

1538531271908,Child process exited with code 0

1538531271908,Typescript definitions merge finished! Reading file...

1538531271911,Typescript definitions read finished! Adding to IPFS...

1538531271916,Cloudflare: https://cloudflare-ipfs.com/ipfs/QmcfjFEPdvuy8wiUZr7YX8PRF5qkHo4oMwBYqPybfPtisX
1538531271916,Typescript definitions added to IPFS! Adding module configuration...

1538531271926,Reactive file present reactive.json package dependencies will be taken from it
1538531271929,Current module before deploy {"name":"fafa","module":"QmVUoWjTQ5pvgnQvHukPgooLjiKDnf2rS4uYq1heSB4dfA","createdAt":"2018-10-03T01:47:51.926Z","typings":"QmcfjFEPdvuy8wiUZr7YX8PRF5qkHo4oMwBYqPybfPtisX","message":"QmTRCngMysPb46L3pG5ZERkXinVh3jTsCNMXNHYzZpvf4Z","previous":["QmWgPQebWkeFBKVNTgssEZB3uB5YkMMwF4296rnzUzq6ti","QmStsa3eeUfCaZXccvYtraGAMDKidZvBnusJ2eyTiPGWit","QmP2FF3ATx7hcErRRMRWrbnbc8j9BVmfrthJJ6x8aqAz7q","QmRqvgdUxPnLXyW29GvF44tMo58dN5zr1zxeQvdN2JswpK","QmTfhYF2AE4JfTzBsuxckzEtm3a4xhGbMeN3CfX42suq4K","QmduLjPXVAwb4JJqkohZMBe2X7zA4WAAkYZQgSyAmSJrz8","Qmbm62h5hHDgaV4HgjVFBeMbDqe6nsdYLqKfxJFGhKF4GW","QmVdd3oLGDMXpERkBZ4d1n9Lh2ndvxRw8YptcbVxFMw6E3","QmTs3PrzWzhphnmRya5xxWX7o6gg6J5zPkHLJXShEYqNDf","QmSzaX6VNAwJj4QKzuibWG3Acgepu3tdsrDhVAmnpHBjuT","Qmcuofrnmu4rPGNFmQQEkgPxD73gaxzKuf9b3okXQhxCeX","QmZCkzmyDTCdze5pxJM98iyHKao27zq6kFrmrMiv6ogSKz","QmVdd83ykr4fNYNfsrSSh9ZzPszyghHLSR6aNF1HiKNAPv","Qme9n5FtDhPivRpsoyZ8LKMNPRDcp9jkJ7vGbeU3vhRK3E","QmQRDJjRXrzrb1Vhjb8zS6hrHq4WMivS8fxrgA7MxbkZX9","QmfK2C3NVmc9LuTGmQwvyGqTPjqVc9kLCR8fBAdJ81Rfk6","QmYHfANhLPVzU5jn1iFKEa7W5iGzLXgzQ1AQ2HB4VceQxu","QmQrdixQEprAMv4c2PJjQSPczz8f7WdLSxKCKRi4PDr5an","QmaQWJb1fYGsjiQHAKN4RLNP5znTLdoxtEmnPkvtKmE9E7","QmWkKuzSkJiLBToxUJHVi4hxuME2JijNaUA2WtVi5xmkGS"],"dependencies":["QmP9n7m1UWkFn2hqt7mnfQYnBtxmFyyvKZHN7hgngQb1gM"]}
1538531272148,Cloudflare: https://cloudflare-ipfs.com/ipfs/QmNiwjqHaFjiriDxmwNHvXq3Xw6FTxsNP4rWZPZXHQ6SVv
QmVUoWjTQ5pvgnQvHukPgooLjiKDnf2rS4uYq1heSB4dfA,QmVUoWjTQ5pvgnQvHukPgooLjiKDnf2rS4uYq1heSB4dfA
1538531272151,
        !! Warning !!
        Module is with the same integrity and will not be uploaded again!
        You need to make change to the module so it will be with different integrity!
            
1538531272152,
        !! Warning !!
        Typings are with the same integrity and will not be uploaded again!
        You need to make change to the module so it will be with different integrity!
            
1538531272152,Module configuration added to ipfs!

1538531272161,Module saved to persistant history!
┌───────────────────────────────────────────────────────────────────────────────────────┬────────────────────────────────────────────────────────────────────────────────────────┐
│[40m                                    [32mPreviews versions[39m                                  [49m│[40m                                         [32mGateway[39m                                        [49m│
├───────────────────────────────────────────────────────────────────────────────────────┼────────────────────────────────────────────────────────────────────────────────────────┤
│ QmStsa3eeUfCaZXccvYtraGAMDKidZvBnusJ2eyTiPGWit                                        │     https://cloudflare-ipfs.com/ipfs/QmStsa3eeUfCaZXccvYtraGAMDKidZvBnusJ2eyTiPGWit    │
├───────────────────────────────────────────────────────────────────────────────────────┼────────────────────────────────────────────────────────────────────────────────────────┤
│ QmP2FF3ATx7hcErRRMRWrbnbc8j9BVmfrthJJ6x8aqAz7q                                        │     https://cloudflare-ipfs.com/ipfs/QmP2FF3ATx7hcErRRMRWrbnbc8j9BVmfrthJJ6x8aqAz7q    │
├───────────────────────────────────────────────────────────────────────────────────────┼────────────────────────────────────────────────────────────────────────────────────────┤
│ QmRqvgdUxPnLXyW29GvF44tMo58dN5zr1zxeQvdN2JswpK                                        │     https://cloudflare-ipfs.com/ipfs/QmRqvgdUxPnLXyW29GvF44tMo58dN5zr1zxeQvdN2JswpK    │
├───────────────────────────────────────────────────────────────────────────────────────┼────────────────────────────────────────────────────────────────────────────────────────┤
│ QmTfhYF2AE4JfTzBsuxckzEtm3a4xhGbMeN3CfX42suq4K                                        │     https://cloudflare-ipfs.com/ipfs/QmTfhYF2AE4JfTzBsuxckzEtm3a4xhGbMeN3CfX42suq4K    │
├───────────────────────────────────────────────────────────────────────────────────────┼────────────────────────────────────────────────────────────────────────────────────────┤
│ QmduLjPXVAwb4JJqkohZMBe2X7zA4WAAkYZQgSyAmSJrz8                                        │     https://cloudflare-ipfs.com/ipfs/QmduLjPXVAwb4JJqkohZMBe2X7zA4WAAkYZQgSyAmSJrz8    │
├───────────────────────────────────────────────────────────────────────────────────────┼────────────────────────────────────────────────────────────────────────────────────────┤
│ Qmbm62h5hHDgaV4HgjVFBeMbDqe6nsdYLqKfxJFGhKF4GW                                        │     https://cloudflare-ipfs.com/ipfs/Qmbm62h5hHDgaV4HgjVFBeMbDqe6nsdYLqKfxJFGhKF4GW    │
├───────────────────────────────────────────────────────────────────────────────────────┼────────────────────────────────────────────────────────────────────────────────────────┤
│ QmVdd3oLGDMXpERkBZ4d1n9Lh2ndvxRw8YptcbVxFMw6E3                                        │     https://cloudflare-ipfs.com/ipfs/QmVdd3oLGDMXpERkBZ4d1n9Lh2ndvxRw8YptcbVxFMw6E3    │
├───────────────────────────────────────────────────────────────────────────────────────┼────────────────────────────────────────────────────────────────────────────────────────┤
│ QmTs3PrzWzhphnmRya5xxWX7o6gg6J5zPkHLJXShEYqNDf                                        │     https://cloudflare-ipfs.com/ipfs/QmTs3PrzWzhphnmRya5xxWX7o6gg6J5zPkHLJXShEYqNDf    │
├───────────────────────────────────────────────────────────────────────────────────────┼────────────────────────────────────────────────────────────────────────────────────────┤
│ QmSzaX6VNAwJj4QKzuibWG3Acgepu3tdsrDhVAmnpHBjuT                                        │     https://cloudflare-ipfs.com/ipfs/QmSzaX6VNAwJj4QKzuibWG3Acgepu3tdsrDhVAmnpHBjuT    │
├───────────────────────────────────────────────────────────────────────────────────────┼────────────────────────────────────────────────────────────────────────────────────────┤
│ Qmcuofrnmu4rPGNFmQQEkgPxD73gaxzKuf9b3okXQhxCeX                                        │     https://cloudflare-ipfs.com/ipfs/Qmcuofrnmu4rPGNFmQQEkgPxD73gaxzKuf9b3okXQhxCeX    │
├───────────────────────────────────────────────────────────────────────────────────────┼────────────────────────────────────────────────────────────────────────────────────────┤
│ QmZCkzmyDTCdze5pxJM98iyHKao27zq6kFrmrMiv6ogSKz                                        │     https://cloudflare-ipfs.com/ipfs/QmZCkzmyDTCdze5pxJM98iyHKao27zq6kFrmrMiv6ogSKz    │
├───────────────────────────────────────────────────────────────────────────────────────┼────────────────────────────────────────────────────────────────────────────────────────┤
│ QmVdd83ykr4fNYNfsrSSh9ZzPszyghHLSR6aNF1HiKNAPv                                        │     https://cloudflare-ipfs.com/ipfs/QmVdd83ykr4fNYNfsrSSh9ZzPszyghHLSR6aNF1HiKNAPv    │
├───────────────────────────────────────────────────────────────────────────────────────┼────────────────────────────────────────────────────────────────────────────────────────┤
│ Qme9n5FtDhPivRpsoyZ8LKMNPRDcp9jkJ7vGbeU3vhRK3E                                        │     https://cloudflare-ipfs.com/ipfs/Qme9n5FtDhPivRpsoyZ8LKMNPRDcp9jkJ7vGbeU3vhRK3E    │
├───────────────────────────────────────────────────────────────────────────────────────┼────────────────────────────────────────────────────────────────────────────────────────┤
│ QmQRDJjRXrzrb1Vhjb8zS6hrHq4WMivS8fxrgA7MxbkZX9                                        │     https://cloudflare-ipfs.com/ipfs/QmQRDJjRXrzrb1Vhjb8zS6hrHq4WMivS8fxrgA7MxbkZX9    │
├───────────────────────────────────────────────────────────────────────────────────────┼────────────────────────────────────────────────────────────────────────────────────────┤
│ QmfK2C3NVmc9LuTGmQwvyGqTPjqVc9kLCR8fBAdJ81Rfk6                                        │     https://cloudflare-ipfs.com/ipfs/QmfK2C3NVmc9LuTGmQwvyGqTPjqVc9kLCR8fBAdJ81Rfk6    │
├───────────────────────────────────────────────────────────────────────────────────────┼────────────────────────────────────────────────────────────────────────────────────────┤
│ QmYHfANhLPVzU5jn1iFKEa7W5iGzLXgzQ1AQ2HB4VceQxu                                        │     https://cloudflare-ipfs.com/ipfs/QmYHfANhLPVzU5jn1iFKEa7W5iGzLXgzQ1AQ2HB4VceQxu    │
├───────────────────────────────────────────────────────────────────────────────────────┼────────────────────────────────────────────────────────────────────────────────────────┤
│ QmQrdixQEprAMv4c2PJjQSPczz8f7WdLSxKCKRi4PDr5an                                        │     https://cloudflare-ipfs.com/ipfs/QmQrdixQEprAMv4c2PJjQSPczz8f7WdLSxKCKRi4PDr5an    │
├───────────────────────────────────────────────────────────────────────────────────────┼────────────────────────────────────────────────────────────────────────────────────────┤
│ QmaQWJb1fYGsjiQHAKN4RLNP5znTLdoxtEmnPkvtKmE9E7                                        │     https://cloudflare-ipfs.com/ipfs/QmaQWJb1fYGsjiQHAKN4RLNP5znTLdoxtEmnPkvtKmE9E7    │
├───────────────────────────────────────────────────────────────────────────────────────┼────────────────────────────────────────────────────────────────────────────────────────┤
│ QmWkKuzSkJiLBToxUJHVi4hxuME2JijNaUA2WtVi5xmkGS                                        │     https://cloudflare-ipfs.com/ipfs/QmWkKuzSkJiLBToxUJHVi4hxuME2JijNaUA2WtVi5xmkGS    │
├───────────────────────────────────────────────────────────────────────────────────────┼────────────────────────────────────────────────────────────────────────────────────────┤
│ QmNiwjqHaFjiriDxmwNHvXq3Xw6FTxsNP4rWZPZXHQ6SVv                                        │     https://cloudflare-ipfs.com/ipfs/QmNiwjqHaFjiriDxmwNHvXq3Xw6FTxsNP4rWZPZXHQ6SVv    │
└───────────────────────────────────────────────────────────────────────────────────────┴────────────────────────────────────────────────────────────────────────────────────────┘
┌───────────────────────────────────────────────────────────────────────────────────────┬────────────────────────────────────────────────────────────────────────────────────────┐
│[40m                                    [32mPreviews version[39m                                   [49m│[40m                                       [32mNext version[39m                                     [49m│
├───────────────────────────────────────────────────────────────────────────────────────┼────────────────────────────────────────────────────────────────────────────────────────┤
│ QmStsa3eeUfCaZXccvYtraGAMDKidZvBnusJ2eyTiPGWit                                        │     QmP2FF3ATx7hcErRRMRWrbnbc8j9BVmfrthJJ6x8aqAz7q                                     │
├───────────────────────────────────────────────────────────────────────────────────────┼────────────────────────────────────────────────────────────────────────────────────────┤
│ QmRqvgdUxPnLXyW29GvF44tMo58dN5zr1zxeQvdN2JswpK                                        │     QmTfhYF2AE4JfTzBsuxckzEtm3a4xhGbMeN3CfX42suq4K                                     │
├───────────────────────────────────────────────────────────────────────────────────────┼────────────────────────────────────────────────────────────────────────────────────────┤
│ QmduLjPXVAwb4JJqkohZMBe2X7zA4WAAkYZQgSyAmSJrz8                                        │     Qmbm62h5hHDgaV4HgjVFBeMbDqe6nsdYLqKfxJFGhKF4GW                                     │
├───────────────────────────────────────────────────────────────────────────────────────┼────────────────────────────────────────────────────────────────────────────────────────┤
│ QmVdd3oLGDMXpERkBZ4d1n9Lh2ndvxRw8YptcbVxFMw6E3                                        │     QmTs3PrzWzhphnmRya5xxWX7o6gg6J5zPkHLJXShEYqNDf                                     │
├───────────────────────────────────────────────────────────────────────────────────────┼────────────────────────────────────────────────────────────────────────────────────────┤
│ QmSzaX6VNAwJj4QKzuibWG3Acgepu3tdsrDhVAmnpHBjuT                                        │     Qmcuofrnmu4rPGNFmQQEkgPxD73gaxzKuf9b3okXQhxCeX                                     │
├───────────────────────────────────────────────────────────────────────────────────────┼────────────────────────────────────────────────────────────────────────────────────────┤
│ QmZCkzmyDTCdze5pxJM98iyHKao27zq6kFrmrMiv6ogSKz                                        │     QmVdd83ykr4fNYNfsrSSh9ZzPszyghHLSR6aNF1HiKNAPv                                     │
├───────────────────────────────────────────────────────────────────────────────────────┼────────────────────────────────────────────────────────────────────────────────────────┤
│ Qme9n5FtDhPivRpsoyZ8LKMNPRDcp9jkJ7vGbeU3vhRK3E                                        │     QmQRDJjRXrzrb1Vhjb8zS6hrHq4WMivS8fxrgA7MxbkZX9                                     │
├───────────────────────────────────────────────────────────────────────────────────────┼────────────────────────────────────────────────────────────────────────────────────────┤
│ QmfK2C3NVmc9LuTGmQwvyGqTPjqVc9kLCR8fBAdJ81Rfk6                                        │     QmYHfANhLPVzU5jn1iFKEa7W5iGzLXgzQ1AQ2HB4VceQxu                                     │
├───────────────────────────────────────────────────────────────────────────────────────┼────────────────────────────────────────────────────────────────────────────────────────┤
│ QmQrdixQEprAMv4c2PJjQSPczz8f7WdLSxKCKRi4PDr5an                                        │     QmaQWJb1fYGsjiQHAKN4RLNP5znTLdoxtEmnPkvtKmE9E7                                     │
├───────────────────────────────────────────────────────────────────────────────────────┼────────────────────────────────────────────────────────────────────────────────────────┤
│ QmWkKuzSkJiLBToxUJHVi4hxuME2JijNaUA2WtVi5xmkGS                                        │     QmNiwjqHaFjiriDxmwNHvXq3Xw6FTxsNP4rWZPZXHQ6SVv                                     │
└───────────────────────────────────────────────────────────────────────────────────────┴────────────────────────────────────────────────────────────────────────────────────────┘
┌─────────────────────────────────────────────────────────────────────────────────────────┐
│[40m                                      [32mInstall command[39m                                    [49m│
├─────────────────────────────────────────────────────────────────────────────────────────┤
│ rxdi i QmNiwjqHaFjiriDxmwNHvXq3Xw6FTxsNP4rWZPZXHQ6SVv                                   │
└─────────────────────────────────────────────────────────────────────────────────────────┘
┌────┬───────┬─────────┬─────────────┬─────────────────────────────────────────────────────────────────────┬─────────────────────────────────────────────────────────────────┐
│[40m    [49m│[40m [33mStatus[39m[49m│[40m[32mFile Type[39m[49m│[40m [32mSize[39m        [49m│[40m [32mGateway[39m                                                             [49m│[40m [31mErrors[39m                                                          [49m│
├────┼───────┼─────────┼─────────────┼─────────────────────────────────────────────────────────────────────┼─────────────────────────────────────────────────────────────────┤
│[40m [33m⚠[39m  [49m│[40m[33mWARNING[39m[49m│ Bundle  │ 2813 bytes  │https://cloudflare-ipfs.com/ipfs/QmVUoWjTQ5pvgnQvHukPgooLjiKDnf2rS4uY│ [31mIntegrity is same like in the previews version![39m                 │
├────┼───────┼─────────┼─────────────┼─────────────────────────────────────────────────────────────────────┼─────────────────────────────────────────────────────────────────┤
│[40m [33m⚠[39m  [49m│[40m[33mWARNING[39m[49m│ Typings │ 400 bytes   │https://cloudflare-ipfs.com/ipfs/QmcfjFEPdvuy8wiUZr7YX8PRF5qkHo4oMwBY│ [31mIntegrity is same like in the previews version![39m                 │
├────┼───────┼─────────┼─────────────┼─────────────────────────────────────────────────────────────────────┼─────────────────────────────────────────────────────────────────┤
│[40m [33m⚠[39m  [49m│[40m[33mWARNING[39m[49m│ Module  │ 1440 bytes  │https://cloudflare-ipfs.com/ipfs/QmNiwjqHaFjiriDxmwNHvXq3Xw6FTxsNP4rW│ [31mIntegrity is same like in the previews version![39m                 │
└────┴───────┴─────────┴─────────────┴─────────────────────────────────────────────────────────────────────┴─────────────────────────────────────────────────────────────────┘
Module is with the same integrity like in the previws version QmWkKuzSkJiLBToxUJHVi4hxuME2JijNaUA2WtVi5xmkGS
To check this version write down following command rxdi-deploy --find QmWkKuzSkJiLBToxUJHVi4hxuME2JijNaUA2WtVi5xmkGS
1538531406154,Unhandled error rejection
                                        1538531266808,Bundling Started!

✨  [32m[1mBuilt in 330ms.[22m[39m

[2mbuilds/build/[22m[36m[1mindex.js[22m[39m                     [1m[35m2.74 KB[39m[22m    [32m[1m282ms[22m[39m
├── [2mbuilds/services/[22m[0mexample.service.ts[0m    [2m[35m1.59 KB[39m[22m    [2m[32m149ms[39m[22m
├── [2mbuilds/[22m[0mindex.ts[0m                         [2m[35m831 B[39m[22m    [2m[32m128ms[39m[22m
└── [2mbuilds/services/[22m[0mindex.ts[0m                [2m[35m286 B[39m[22m    [2m[32m119ms[39m[22m

[2mbuilds/build/[22m[36m[1mindex.map[22m[39m                    [1m[35m2.02 KB[39m[22m      [32m[1m2ms[22m[39m
1538531268143,Bundling finished!

1538531268143,Adding commit message fafafa...

1538531268151,Cloudflare: https://cloudflare-ipfs.com/ipfs/QmTRCngMysPb46L3pG5ZERkXinVh3jTsCNMXNHYzZpvf4Z
1538531268151,Commit message added...

1538531268155,Reading bundle ./builds/build/index.js finished!

1538531268164,Cloudflare: https://cloudflare-ipfs.com/ipfs/QmVUoWjTQ5pvgnQvHukPgooLjiKDnf2rS4uYq1heSB4dfA
1538531268164,Bundle added to ipfs ./builds/build/index.js

1538531268164,Typescript definitions merge started!

1538531268164,Typescript merging definitions started in child process...

1538531271908,Child process exited with code 0

1538531271908,Typescript definitions merge finished! Reading file...

1538531271911,Typescript definitions read finished! Adding to IPFS...

1538531271916,Cloudflare: https://cloudflare-ipfs.com/ipfs/QmcfjFEPdvuy8wiUZr7YX8PRF5qkHo4oMwBYqPybfPtisX
1538531271916,Typescript definitions added to IPFS! Adding module configuration...

1538531271926,Reactive file present reactive.json package dependencies will be taken from it
1538531271929,Current module before deploy {"name":"fafa","module":"QmVUoWjTQ5pvgnQvHukPgooLjiKDnf2rS4uYq1heSB4dfA","createdAt":"2018-10-03T01:47:51.926Z","typings":"QmcfjFEPdvuy8wiUZr7YX8PRF5qkHo4oMwBYqPybfPtisX","message":"QmTRCngMysPb46L3pG5ZERkXinVh3jTsCNMXNHYzZpvf4Z","previous":["QmWgPQebWkeFBKVNTgssEZB3uB5YkMMwF4296rnzUzq6ti","QmStsa3eeUfCaZXccvYtraGAMDKidZvBnusJ2eyTiPGWit","QmP2FF3ATx7hcErRRMRWrbnbc8j9BVmfrthJJ6x8aqAz7q","QmRqvgdUxPnLXyW29GvF44tMo58dN5zr1zxeQvdN2JswpK","QmTfhYF2AE4JfTzBsuxckzEtm3a4xhGbMeN3CfX42suq4K","QmduLjPXVAwb4JJqkohZMBe2X7zA4WAAkYZQgSyAmSJrz8","Qmbm62h5hHDgaV4HgjVFBeMbDqe6nsdYLqKfxJFGhKF4GW","QmVdd3oLGDMXpERkBZ4d1n9Lh2ndvxRw8YptcbVxFMw6E3","QmTs3PrzWzhphnmRya5xxWX7o6gg6J5zPkHLJXShEYqNDf","QmSzaX6VNAwJj4QKzuibWG3Acgepu3tdsrDhVAmnpHBjuT","Qmcuofrnmu4rPGNFmQQEkgPxD73gaxzKuf9b3okXQhxCeX","QmZCkzmyDTCdze5pxJM98iyHKao27zq6kFrmrMiv6ogSKz","QmVdd83ykr4fNYNfsrSSh9ZzPszyghHLSR6aNF1HiKNAPv","Qme9n5FtDhPivRpsoyZ8LKMNPRDcp9jkJ7vGbeU3vhRK3E","QmQRDJjRXrzrb1Vhjb8zS6hrHq4WMivS8fxrgA7MxbkZX9","QmfK2C3NVmc9LuTGmQwvyGqTPjqVc9kLCR8fBAdJ81Rfk6","QmYHfANhLPVzU5jn1iFKEa7W5iGzLXgzQ1AQ2HB4VceQxu","QmQrdixQEprAMv4c2PJjQSPczz8f7WdLSxKCKRi4PDr5an","QmaQWJb1fYGsjiQHAKN4RLNP5znTLdoxtEmnPkvtKmE9E7","QmWkKuzSkJiLBToxUJHVi4hxuME2JijNaUA2WtVi5xmkGS"],"dependencies":["QmP9n7m1UWkFn2hqt7mnfQYnBtxmFyyvKZHN7hgngQb1gM"]}
1538531272148,Cloudflare: https://cloudflare-ipfs.com/ipfs/QmNiwjqHaFjiriDxmwNHvXq3Xw6FTxsNP4rWZPZXHQ6SVv
QmVUoWjTQ5pvgnQvHukPgooLjiKDnf2rS4uYq1heSB4dfA,QmVUoWjTQ5pvgnQvHukPgooLjiKDnf2rS4uYq1heSB4dfA
1538531272151,
        !! Warning !!
        Module is with the same integrity and will not be uploaded again!
        You need to make change to the module so it will be with different integrity!
            
1538531272152,
        !! Warning !!
        Typings are with the same integrity and will not be uploaded again!
        You need to make change to the module so it will be with different integrity!
            
1538531272152,Module configuration added to ipfs!

1538531272161,Module saved to persistant history!
┌───────────────────────────────────────────────────────────────────────────────────────┬────────────────────────────────────────────────────────────────────────────────────────┐
│[40m                                    [32mPreviews versions[39m                                  [49m│[40m                                         [32mGateway[39m                                        [49m│
├───────────────────────────────────────────────────────────────────────────────────────┼────────────────────────────────────────────────────────────────────────────────────────┤
│ QmStsa3eeUfCaZXccvYtraGAMDKidZvBnusJ2eyTiPGWit                                        │     https://cloudflare-ipfs.com/ipfs/QmStsa3eeUfCaZXccvYtraGAMDKidZvBnusJ2eyTiPGWit    │
├───────────────────────────────────────────────────────────────────────────────────────┼────────────────────────────────────────────────────────────────────────────────────────┤
│ QmP2FF3ATx7hcErRRMRWrbnbc8j9BVmfrthJJ6x8aqAz7q                                        │     https://cloudflare-ipfs.com/ipfs/QmP2FF3ATx7hcErRRMRWrbnbc8j9BVmfrthJJ6x8aqAz7q    │
├───────────────────────────────────────────────────────────────────────────────────────┼────────────────────────────────────────────────────────────────────────────────────────┤
│ QmRqvgdUxPnLXyW29GvF44tMo58dN5zr1zxeQvdN2JswpK                                        │     https://cloudflare-ipfs.com/ipfs/QmRqvgdUxPnLXyW29GvF44tMo58dN5zr1zxeQvdN2JswpK    │
├───────────────────────────────────────────────────────────────────────────────────────┼────────────────────────────────────────────────────────────────────────────────────────┤
│ QmTfhYF2AE4JfTzBsuxckzEtm3a4xhGbMeN3CfX42suq4K                                        │     https://cloudflare-ipfs.com/ipfs/QmTfhYF2AE4JfTzBsuxckzEtm3a4xhGbMeN3CfX42suq4K    │
├───────────────────────────────────────────────────────────────────────────────────────┼────────────────────────────────────────────────────────────────────────────────────────┤
│ QmduLjPXVAwb4JJqkohZMBe2X7zA4WAAkYZQgSyAmSJrz8                                        │     https://cloudflare-ipfs.com/ipfs/QmduLjPXVAwb4JJqkohZMBe2X7zA4WAAkYZQgSyAmSJrz8    │
├───────────────────────────────────────────────────────────────────────────────────────┼────────────────────────────────────────────────────────────────────────────────────────┤
│ Qmbm62h5hHDgaV4HgjVFBeMbDqe6nsdYLqKfxJFGhKF4GW                                        │     https://cloudflare-ipfs.com/ipfs/Qmbm62h5hHDgaV4HgjVFBeMbDqe6nsdYLqKfxJFGhKF4GW    │
├───────────────────────────────────────────────────────────────────────────────────────┼────────────────────────────────────────────────────────────────────────────────────────┤
│ QmVdd3oLGDMXpERkBZ4d1n9Lh2ndvxRw8YptcbVxFMw6E3                                        │     https://cloudflare-ipfs.com/ipfs/QmVdd3oLGDMXpERkBZ4d1n9Lh2ndvxRw8YptcbVxFMw6E3    │
├───────────────────────────────────────────────────────────────────────────────────────┼────────────────────────────────────────────────────────────────────────────────────────┤
│ QmTs3PrzWzhphnmRya5xxWX7o6gg6J5zPkHLJXShEYqNDf                                        │     https://cloudflare-ipfs.com/ipfs/QmTs3PrzWzhphnmRya5xxWX7o6gg6J5zPkHLJXShEYqNDf    │
├───────────────────────────────────────────────────────────────────────────────────────┼────────────────────────────────────────────────────────────────────────────────────────┤
│ QmSzaX6VNAwJj4QKzuibWG3Acgepu3tdsrDhVAmnpHBjuT                                        │     https://cloudflare-ipfs.com/ipfs/QmSzaX6VNAwJj4QKzuibWG3Acgepu3tdsrDhVAmnpHBjuT    │
├───────────────────────────────────────────────────────────────────────────────────────┼────────────────────────────────────────────────────────────────────────────────────────┤
│ Qmcuofrnmu4rPGNFmQQEkgPxD73gaxzKuf9b3okXQhxCeX                                        │     https://cloudflare-ipfs.com/ipfs/Qmcuofrnmu4rPGNFmQQEkgPxD73gaxzKuf9b3okXQhxCeX    │
├───────────────────────────────────────────────────────────────────────────────────────┼────────────────────────────────────────────────────────────────────────────────────────┤
│ QmZCkzmyDTCdze5pxJM98iyHKao27zq6kFrmrMiv6ogSKz                                        │     https://cloudflare-ipfs.com/ipfs/QmZCkzmyDTCdze5pxJM98iyHKao27zq6kFrmrMiv6ogSKz    │
├───────────────────────────────────────────────────────────────────────────────────────┼────────────────────────────────────────────────────────────────────────────────────────┤
│ QmVdd83ykr4fNYNfsrSSh9ZzPszyghHLSR6aNF1HiKNAPv                                        │     https://cloudflare-ipfs.com/ipfs/QmVdd83ykr4fNYNfsrSSh9ZzPszyghHLSR6aNF1HiKNAPv    │
├───────────────────────────────────────────────────────────────────────────────────────┼────────────────────────────────────────────────────────────────────────────────────────┤
│ Qme9n5FtDhPivRpsoyZ8LKMNPRDcp9jkJ7vGbeU3vhRK3E                                        │     https://cloudflare-ipfs.com/ipfs/Qme9n5FtDhPivRpsoyZ8LKMNPRDcp9jkJ7vGbeU3vhRK3E    │
├───────────────────────────────────────────────────────────────────────────────────────┼────────────────────────────────────────────────────────────────────────────────────────┤
│ QmQRDJjRXrzrb1Vhjb8zS6hrHq4WMivS8fxrgA7MxbkZX9                                        │     https://cloudflare-ipfs.com/ipfs/QmQRDJjRXrzrb1Vhjb8zS6hrHq4WMivS8fxrgA7MxbkZX9    │
├───────────────────────────────────────────────────────────────────────────────────────┼────────────────────────────────────────────────────────────────────────────────────────┤
│ QmfK2C3NVmc9LuTGmQwvyGqTPjqVc9kLCR8fBAdJ81Rfk6                                        │     https://cloudflare-ipfs.com/ipfs/QmfK2C3NVmc9LuTGmQwvyGqTPjqVc9kLCR8fBAdJ81Rfk6    │
├───────────────────────────────────────────────────────────────────────────────────────┼────────────────────────────────────────────────────────────────────────────────────────┤
│ QmYHfANhLPVzU5jn1iFKEa7W5iGzLXgzQ1AQ2HB4VceQxu                                        │     https://cloudflare-ipfs.com/ipfs/QmYHfANhLPVzU5jn1iFKEa7W5iGzLXgzQ1AQ2HB4VceQxu    │
├───────────────────────────────────────────────────────────────────────────────────────┼────────────────────────────────────────────────────────────────────────────────────────┤
│ QmQrdixQEprAMv4c2PJjQSPczz8f7WdLSxKCKRi4PDr5an                                        │     https://cloudflare-ipfs.com/ipfs/QmQrdixQEprAMv4c2PJjQSPczz8f7WdLSxKCKRi4PDr5an    │
├───────────────────────────────────────────────────────────────────────────────────────┼────────────────────────────────────────────────────────────────────────────────────────┤
│ QmaQWJb1fYGsjiQHAKN4RLNP5znTLdoxtEmnPkvtKmE9E7                                        │     https://cloudflare-ipfs.com/ipfs/QmaQWJb1fYGsjiQHAKN4RLNP5znTLdoxtEmnPkvtKmE9E7    │
├───────────────────────────────────────────────────────────────────────────────────────┼────────────────────────────────────────────────────────────────────────────────────────┤
│ QmWkKuzSkJiLBToxUJHVi4hxuME2JijNaUA2WtVi5xmkGS                                        │     https://cloudflare-ipfs.com/ipfs/QmWkKuzSkJiLBToxUJHVi4hxuME2JijNaUA2WtVi5xmkGS    │
├───────────────────────────────────────────────────────────────────────────────────────┼────────────────────────────────────────────────────────────────────────────────────────┤
│ QmNiwjqHaFjiriDxmwNHvXq3Xw6FTxsNP4rWZPZXHQ6SVv                                        │     https://cloudflare-ipfs.com/ipfs/QmNiwjqHaFjiriDxmwNHvXq3Xw6FTxsNP4rWZPZXHQ6SVv    │
└───────────────────────────────────────────────────────────────────────────────────────┴────────────────────────────────────────────────────────────────────────────────────────┘
┌───────────────────────────────────────────────────────────────────────────────────────┬────────────────────────────────────────────────────────────────────────────────────────┐
│[40m                                    [32mPreviews version[39m                                   [49m│[40m                                       [32mNext version[39m                                     [49m│
├───────────────────────────────────────────────────────────────────────────────────────┼────────────────────────────────────────────────────────────────────────────────────────┤
│ QmStsa3eeUfCaZXccvYtraGAMDKidZvBnusJ2eyTiPGWit                                        │     QmP2FF3ATx7hcErRRMRWrbnbc8j9BVmfrthJJ6x8aqAz7q                                     │
├───────────────────────────────────────────────────────────────────────────────────────┼────────────────────────────────────────────────────────────────────────────────────────┤
│ QmRqvgdUxPnLXyW29GvF44tMo58dN5zr1zxeQvdN2JswpK                                        │     QmTfhYF2AE4JfTzBsuxckzEtm3a4xhGbMeN3CfX42suq4K                                     │
├───────────────────────────────────────────────────────────────────────────────────────┼────────────────────────────────────────────────────────────────────────────────────────┤
│ QmduLjPXVAwb4JJqkohZMBe2X7zA4WAAkYZQgSyAmSJrz8                                        │     Qmbm62h5hHDgaV4HgjVFBeMbDqe6nsdYLqKfxJFGhKF4GW                                     │
├───────────────────────────────────────────────────────────────────────────────────────┼────────────────────────────────────────────────────────────────────────────────────────┤
│ QmVdd3oLGDMXpERkBZ4d1n9Lh2ndvxRw8YptcbVxFMw6E3                                        │     QmTs3PrzWzhphnmRya5xxWX7o6gg6J5zPkHLJXShEYqNDf                                     │
├───────────────────────────────────────────────────────────────────────────────────────┼────────────────────────────────────────────────────────────────────────────────────────┤
│ QmSzaX6VNAwJj4QKzuibWG3Acgepu3tdsrDhVAmnpHBjuT                                        │     Qmcuofrnmu4rPGNFmQQEkgPxD73gaxzKuf9b3okXQhxCeX                                     │
├───────────────────────────────────────────────────────────────────────────────────────┼────────────────────────────────────────────────────────────────────────────────────────┤
│ QmZCkzmyDTCdze5pxJM98iyHKao27zq6kFrmrMiv6ogSKz                                        │     QmVdd83ykr4fNYNfsrSSh9ZzPszyghHLSR6aNF1HiKNAPv                                     │
├───────────────────────────────────────────────────────────────────────────────────────┼────────────────────────────────────────────────────────────────────────────────────────┤
│ Qme9n5FtDhPivRpsoyZ8LKMNPRDcp9jkJ7vGbeU3vhRK3E                                        │     QmQRDJjRXrzrb1Vhjb8zS6hrHq4WMivS8fxrgA7MxbkZX9                                     │
├───────────────────────────────────────────────────────────────────────────────────────┼────────────────────────────────────────────────────────────────────────────────────────┤
│ QmfK2C3NVmc9LuTGmQwvyGqTPjqVc9kLCR8fBAdJ81Rfk6                                        │     QmYHfANhLPVzU5jn1iFKEa7W5iGzLXgzQ1AQ2HB4VceQxu                                     │
├───────────────────────────────────────────────────────────────────────────────────────┼────────────────────────────────────────────────────────────────────────────────────────┤
│ QmQrdixQEprAMv4c2PJjQSPczz8f7WdLSxKCKRi4PDr5an                                        │     QmaQWJb1fYGsjiQHAKN4RLNP5znTLdoxtEmnPkvtKmE9E7                                     │
├───────────────────────────────────────────────────────────────────────────────────────┼────────────────────────────────────────────────────────────────────────────────────────┤
│ QmWkKuzSkJiLBToxUJHVi4hxuME2JijNaUA2WtVi5xmkGS                                        │     QmNiwjqHaFjiriDxmwNHvXq3Xw6FTxsNP4rWZPZXHQ6SVv                                     │
└───────────────────────────────────────────────────────────────────────────────────────┴────────────────────────────────────────────────────────────────────────────────────────┘
┌─────────────────────────────────────────────────────────────────────────────────────────┐
│[40m                                      [32mInstall command[39m                                    [49m│
├─────────────────────────────────────────────────────────────────────────────────────────┤
│ rxdi i QmNiwjqHaFjiriDxmwNHvXq3Xw6FTxsNP4rWZPZXHQ6SVv                                   │
└─────────────────────────────────────────────────────────────────────────────────────────┘
┌────┬───────┬─────────┬─────────────┬─────────────────────────────────────────────────────────────────────┬─────────────────────────────────────────────────────────────────┐
│[40m    [49m│[40m [33mStatus[39m[49m│[40m[32mFile Type[39m[49m│[40m [32mSize[39m        [49m│[40m [32mGateway[39m                                                             [49m│[40m [31mErrors[39m                                                          [49m│
├────┼───────┼─────────┼─────────────┼─────────────────────────────────────────────────────────────────────┼─────────────────────────────────────────────────────────────────┤
│[40m [33m⚠[39m  [49m│[40m[33mWARNING[39m[49m│ Bundle  │ 2813 bytes  │https://cloudflare-ipfs.com/ipfs/QmVUoWjTQ5pvgnQvHukPgooLjiKDnf2rS4uY│ [31mIntegrity is same like in the previews version![39m                 │
├────┼───────┼─────────┼─────────────┼─────────────────────────────────────────────────────────────────────┼─────────────────────────────────────────────────────────────────┤
│[40m [33m⚠[39m  [49m│[40m[33mWARNING[39m[49m│ Typings │ 400 bytes   │https://cloudflare-ipfs.com/ipfs/QmcfjFEPdvuy8wiUZr7YX8PRF5qkHo4oMwBY│ [31mIntegrity is same like in the previews version![39m                 │
├────┼───────┼─────────┼─────────────┼─────────────────────────────────────────────────────────────────────┼─────────────────────────────────────────────────────────────────┤
│[40m [33m⚠[39m  [49m│[40m[33mWARNING[39m[49m│ Module  │ 1440 bytes  │https://cloudflare-ipfs.com/ipfs/QmNiwjqHaFjiriDxmwNHvXq3Xw6FTxsNP4rW│ [31mIntegrity is same like in the previews version![39m                 │
└────┴───────┴─────────┴─────────────┴─────────────────────────────────────────────────────────────────────┴─────────────────────────────────────────────────────────────────┘
Module is with the same integrity like in the previws version QmWkKuzSkJiLBToxUJHVi4hxuME2JijNaUA2WtVi5xmkGS
To check this version write down following command rxdi-deploy --find QmWkKuzSkJiLBToxUJHVi4hxuME2JijNaUA2WtVi5xmkGS
1538531406154,Unhandled error rejection
